[2020-11-12 09:02:03.354] [exthost] [info] extension host started
[2020-11-12 09:02:03.399] [exthost] [info] ExtensionService#_doActivateExtension vscode.debug-auto-launch {"startup":true,"extensionId":{"value":"vscode.debug-auto-launch","_lower":"vscode.debug-auto-launch"},"activationEvent":"*"}
[2020-11-12 09:02:03.400] [exthost] [info] ExtensionService#loadCommonJSModule file:///usr/share/code/resources/app/extensions/debug-auto-launch/dist/extension
[2020-11-12 09:02:03.410] [exthost] [info] ExtensionService#_doActivateExtension vscode.emmet {"startup":true,"extensionId":{"value":"vscode.emmet","_lower":"vscode.emmet"},"activationEvent":"*"}
[2020-11-12 09:02:03.410] [exthost] [info] ExtensionService#loadCommonJSModule file:///usr/share/code/resources/app/extensions/emmet/dist/extension
[2020-11-12 09:02:03.439] [exthost] [info] ExtensionService#_doActivateExtension vscode.git {"startup":true,"extensionId":{"value":"vscode.github","_lower":"vscode.github"},"activationEvent":"*"}
[2020-11-12 09:02:03.439] [exthost] [info] ExtensionService#loadCommonJSModule file:///usr/share/code/resources/app/extensions/git/dist/main
[2020-11-12 09:02:03.483] [exthost] [info] ExtensionService#_doActivateExtension vscode.github-authentication {"startup":true,"extensionId":{"value":"vscode.github-authentication","_lower":"vscode.github-authentication"},"activationEvent":"*"}
[2020-11-12 09:02:03.483] [exthost] [info] ExtensionService#loadCommonJSModule file:///usr/share/code/resources/app/extensions/github-authentication/dist/extension.js
[2020-11-12 09:02:03.495] [exthost] [info] ExtensionService#_doActivateExtension vscode.merge-conflict {"startup":true,"extensionId":{"value":"vscode.merge-conflict","_lower":"vscode.merge-conflict"},"activationEvent":"*"}
[2020-11-12 09:02:03.495] [exthost] [info] ExtensionService#loadCommonJSModule file:///usr/share/code/resources/app/extensions/merge-conflict/dist/mergeConflictMain
[2020-11-12 09:02:03.506] [exthost] [info] ExtensionService#_doActivateExtension vscode.microsoft-authentication {"startup":true,"extensionId":{"value":"vscode.microsoft-authentication","_lower":"vscode.microsoft-authentication"},"activationEvent":"*"}
[2020-11-12 09:02:03.506] [exthost] [info] ExtensionService#loadCommonJSModule file:///usr/share/code/resources/app/extensions/microsoft-authentication/dist/extension.js
[2020-11-12 09:02:03.516] [exthost] [info] ExtensionService#_doActivateExtension vscode.search-result {"startup":true,"extensionId":{"value":"vscode.search-result","_lower":"vscode.search-result"},"activationEvent":"*"}
[2020-11-12 09:02:03.516] [exthost] [info] ExtensionService#loadCommonJSModule file:///usr/share/code/resources/app/extensions/search-result/dist/extension.js
[2020-11-12 09:02:03.518] [exthost] [info] ExtensionService#_doActivateExtension 2gua.rainbow-brackets {"startup":true,"extensionId":{"value":"2gua.rainbow-brackets","_lower":"2gua.rainbow-brackets"},"activationEvent":"*"}
[2020-11-12 09:02:03.518] [exthost] [info] ExtensionService#loadCommonJSModule file:///root/.vscode/extensions/2gua.rainbow-brackets-0.0.6/out/src/extension
[2020-11-12 09:02:03.520] [exthost] [info] ExtensionService#_doActivateExtension christian-kohler.path-intellisense {"startup":true,"extensionId":{"value":"christian-kohler.path-intellisense","_lower":"christian-kohler.path-intellisense"},"activationEvent":"*"}
[2020-11-12 09:02:03.520] [exthost] [info] ExtensionService#loadCommonJSModule file:///root/.vscode/extensions/christian-kohler.path-intellisense-2.3.0/out/extension.js
[2020-11-12 09:02:03.539] [exthost] [info] ExtensionService#_doActivateExtension HookyQR.beautify {"startup":true,"extensionId":{"value":"HookyQR.beautify","_lower":"hookyqr.beautify"},"activationEvent":"*"}
[2020-11-12 09:02:03.539] [exthost] [info] ExtensionService#loadCommonJSModule file:///root/.vscode/extensions/hookyqr.beautify-1.5.0/extension
[2020-11-12 09:02:03.616] [exthost] [info] ExtensionService#_doActivateExtension naumovs.color-highlight {"startup":true,"extensionId":{"value":"naumovs.color-highlight","_lower":"naumovs.color-highlight"},"activationEvent":"*"}
[2020-11-12 09:02:03.616] [exthost] [info] ExtensionService#loadCommonJSModule file:///root/.vscode/extensions/naumovs.color-highlight-2.3.0/dist/extension
[2020-11-12 09:02:03.628] [exthost] [info] ExtensionService#_doActivateExtension spywhere.guides {"startup":true,"extensionId":{"value":"spywhere.guides","_lower":"spywhere.guides"},"activationEvent":"*"}
[2020-11-12 09:02:03.628] [exthost] [info] ExtensionService#loadCommonJSModule file:///root/.vscode/extensions/spywhere.guides-0.9.3/out/extension
[2020-11-12 09:02:03.890] [exthost] [info] ExtensionService#_doActivateExtension vscode.github {"startup":true,"extensionId":{"value":"vscode.github","_lower":"vscode.github"},"activationEvent":"*"}
[2020-11-12 09:02:03.891] [exthost] [info] ExtensionService#loadCommonJSModule file:///usr/share/code/resources/app/extensions/github/dist/extension.js
[2020-11-12 09:02:03.929] [exthost] [info] eager extensions activated
[2020-11-12 09:02:25.779] [exthost] [info] extension host started
[2020-11-12 09:02:25.799] [exthost] [info] ExtensionService#_doActivateExtension vscode.debug-auto-launch {"startup":true,"extensionId":{"value":"vscode.debug-auto-launch","_lower":"vscode.debug-auto-launch"},"activationEvent":"*"}
[2020-11-12 09:02:25.799] [exthost] [info] ExtensionService#loadCommonJSModule file:///usr/share/code/resources/app/extensions/debug-auto-launch/dist/extension
[2020-11-12 09:02:25.802] [exthost] [info] ExtensionService#_doActivateExtension vscode.emmet {"startup":true,"extensionId":{"value":"vscode.emmet","_lower":"vscode.emmet"},"activationEvent":"*"}
[2020-11-12 09:02:25.802] [exthost] [info] ExtensionService#loadCommonJSModule file:///usr/share/code/resources/app/extensions/emmet/dist/extension
[2020-11-12 09:02:25.811] [exthost] [info] ExtensionService#_doActivateExtension vscode.git {"startup":true,"extensionId":{"value":"vscode.github","_lower":"vscode.github"},"activationEvent":"*"}
[2020-11-12 09:02:25.811] [exthost] [info] ExtensionService#loadCommonJSModule file:///usr/share/code/resources/app/extensions/git/dist/main
[2020-11-12 09:02:25.824] [exthost] [info] ExtensionService#_doActivateExtension vscode.github-authentication {"startup":true,"extensionId":{"value":"vscode.github-authentication","_lower":"vscode.github-authentication"},"activationEvent":"*"}
[2020-11-12 09:02:25.824] [exthost] [info] ExtensionService#loadCommonJSModule file:///usr/share/code/resources/app/extensions/github-authentication/dist/extension.js
[2020-11-12 09:02:25.828] [exthost] [info] ExtensionService#_doActivateExtension vscode.merge-conflict {"startup":true,"extensionId":{"value":"vscode.merge-conflict","_lower":"vscode.merge-conflict"},"activationEvent":"*"}
[2020-11-12 09:02:25.828] [exthost] [info] ExtensionService#loadCommonJSModule file:///usr/share/code/resources/app/extensions/merge-conflict/dist/mergeConflictMain
[2020-11-12 09:02:25.830] [exthost] [info] ExtensionService#_doActivateExtension vscode.microsoft-authentication {"startup":true,"extensionId":{"value":"vscode.microsoft-authentication","_lower":"vscode.microsoft-authentication"},"activationEvent":"*"}
[2020-11-12 09:02:25.830] [exthost] [info] ExtensionService#loadCommonJSModule file:///usr/share/code/resources/app/extensions/microsoft-authentication/dist/extension.js
[2020-11-12 09:02:25.836] [exthost] [info] ExtensionService#_doActivateExtension vscode.search-result {"startup":true,"extensionId":{"value":"vscode.search-result","_lower":"vscode.search-result"},"activationEvent":"*"}
[2020-11-12 09:02:25.837] [exthost] [info] ExtensionService#loadCommonJSModule file:///usr/share/code/resources/app/extensions/search-result/dist/extension.js
[2020-11-12 09:02:25.838] [exthost] [info] ExtensionService#_doActivateExtension 2gua.rainbow-brackets {"startup":true,"extensionId":{"value":"2gua.rainbow-brackets","_lower":"2gua.rainbow-brackets"},"activationEvent":"*"}
[2020-11-12 09:02:25.838] [exthost] [info] ExtensionService#loadCommonJSModule file:///root/.vscode/extensions/2gua.rainbow-brackets-0.0.6/out/src/extension
[2020-11-12 09:02:25.839] [exthost] [info] ExtensionService#_doActivateExtension christian-kohler.path-intellisense {"startup":true,"extensionId":{"value":"christian-kohler.path-intellisense","_lower":"christian-kohler.path-intellisense"},"activationEvent":"*"}
[2020-11-12 09:02:25.839] [exthost] [info] ExtensionService#loadCommonJSModule file:///root/.vscode/extensions/christian-kohler.path-intellisense-2.3.0/out/extension.js
[2020-11-12 09:02:25.848] [exthost] [info] ExtensionService#_doActivateExtension HookyQR.beautify {"startup":true,"extensionId":{"value":"HookyQR.beautify","_lower":"hookyqr.beautify"},"activationEvent":"*"}
[2020-11-12 09:02:25.848] [exthost] [info] ExtensionService#loadCommonJSModule file:///root/.vscode/extensions/hookyqr.beautify-1.5.0/extension
[2020-11-12 09:02:25.880] [exthost] [info] ExtensionService#_doActivateExtension naumovs.color-highlight {"startup":true,"extensionId":{"value":"naumovs.color-highlight","_lower":"naumovs.color-highlight"},"activationEvent":"*"}
[2020-11-12 09:02:25.880] [exthost] [info] ExtensionService#loadCommonJSModule file:///root/.vscode/extensions/naumovs.color-highlight-2.3.0/dist/extension
[2020-11-12 09:02:25.885] [exthost] [info] ExtensionService#_doActivateExtension spywhere.guides {"startup":true,"extensionId":{"value":"spywhere.guides","_lower":"spywhere.guides"},"activationEvent":"*"}
[2020-11-12 09:02:25.885] [exthost] [info] ExtensionService#loadCommonJSModule file:///root/.vscode/extensions/spywhere.guides-0.9.3/out/extension
[2020-11-12 09:02:25.984] [exthost] [info] ExtensionService#_doActivateExtension vscode.npm {"startup":true,"extensionId":{"value":"vscode.npm","_lower":"vscode.npm"},"activationEvent":"workspaceContains:package.json"}
[2020-11-12 09:02:25.984] [exthost] [info] ExtensionService#loadCommonJSModule file:///usr/share/code/resources/app/extensions/npm/dist/npmMain
[2020-11-12 09:02:26.080] [exthost] [info] ExtensionService#_doActivateExtension vscode.github {"startup":true,"extensionId":{"value":"vscode.github","_lower":"vscode.github"},"activationEvent":"*"}
[2020-11-12 09:02:26.082] [exthost] [info] ExtensionService#loadCommonJSModule file:///usr/share/code/resources/app/extensions/github/dist/extension.js
[2020-11-12 09:02:26.258] [exthost] [info] eager extensions activated
[2020-11-12 09:32:08.807] [exthost] [info] ExtensionService#_doActivateExtension hikerpig.vetur {"startup":false,"extensionId":{"value":"hikerpig.vetur","_lower":"hikerpig.vetur"},"activationEvent":"onLanguage:vue"}
[2020-11-12 09:32:08.808] [exthost] [info] ExtensionService#loadCommonJSModule file:///root/.vscode/extensions/hikerpig.vetur-0.24.1/dist/client/vueMain
[2020-11-12 09:32:08.914] [exthost] [info] ExtensionService#_doActivateExtension octref.vetur {"startup":false,"extensionId":{"value":"octref.vetur","_lower":"octref.vetur"},"activationEvent":"onLanguage:vue"}
[2020-11-12 09:32:08.914] [exthost] [info] ExtensionService#loadCommonJSModule file:///root/.vscode/extensions/octref.vetur-0.30.0/dist/vueMain.js
[2020-11-12 09:32:08.968] [exthost] [error] Activating extension octref.vetur failed due to an error:
[2020-11-12 09:32:08.970] [exthost] [error] Error: command 'vetur.generateGrammar' already exists
	at _.registerCommand (/usr/share/code/resources/app/out/vs/workbench/services/extensions/node/extensionHostProcess.js:629:946)
	at Object.registerCommand (/usr/share/code/resources/app/out/vs/workbench/services/extensions/node/extensionHostProcess.js:911:119)
	at exports.activate (/root/.vscode/extensions/octref.vetur-0.30.0/dist/vueMain.js:1:191895)
	at processTicksAndRejections (internal/process/task_queues.js:85:5)
[2020-11-12 09:52:40.092] [exthost] [info] ExtensionService#_doActivateExtension vscode.typescript-language-features {"startup":false,"extensionId":{"value":"vscode.typescript-language-features","_lower":"vscode.typescript-language-features"},"activationEvent":"onLanguage:javascript"}
[2020-11-12 09:52:40.092] [exthost] [info] ExtensionService#loadCommonJSModule file:///usr/share/code/resources/app/extensions/typescript-language-features/dist/extension
[2020-11-12 09:52:59.030] [exthost] [info] ExtensionService#_doActivateExtension vscode.extension-editing {"startup":false,"extensionId":{"value":"vscode.extension-editing","_lower":"vscode.extension-editing"},"activationEvent":"onLanguage:typescript"}
[2020-11-12 09:52:59.030] [exthost] [info] ExtensionService#loadCommonJSModule file:///usr/share/code/resources/app/extensions/extension-editing/dist/extension
[2020-11-12 09:53:59.675] [exthost] [error] [hikerpig.vetur] provider FAILED
[2020-11-12 09:53:59.676] [exthost] [error] Error: name must not be falsy
	at Function.validate (/usr/share/code/resources/app/out/vs/workbench/services/extensions/node/extensionHostProcess.js:442:18)
	at new x (/usr/share/code/resources/app/out/vs/workbench/services/extensions/node/extensionHostProcess.js:441:950)
	at new x (/usr/share/code/resources/app/out/vs/workbench/services/extensions/node/extensionHostProcess.js:429:431)
	at asSymbolInformation (/root/.vscode/extensions/hikerpig.vetur-0.24.1/node_modules/vscode-languageclient/lib/protocolConverter.js:449:22)
	at /root/.vscode/extensions/hikerpig.vetur-0.24.1/node_modules/vscode-languageclient/lib/protocolConverter.js:429:42
	at Array.map (<anonymous>)
	at Object.asSymbolInformations (/root/.vscode/extensions/hikerpig.vetur-0.24.1/node_modules/vscode-languageclient/lib/protocolConverter.js:429:23)
	at /root/.vscode/extensions/hikerpig.vetur-0.24.1/node_modules/vscode-languageclient/lib/client.js:1088:70
[2020-11-12 10:03:25.267] [exthost] [error] [hikerpig.vetur] provider FAILED
[2020-11-12 10:03:25.268] [exthost] [error] Error: name must not be falsy
	at Function.validate (/usr/share/code/resources/app/out/vs/workbench/services/extensions/node/extensionHostProcess.js:442:18)
	at new x (/usr/share/code/resources/app/out/vs/workbench/services/extensions/node/extensionHostProcess.js:441:950)
	at new x (/usr/share/code/resources/app/out/vs/workbench/services/extensions/node/extensionHostProcess.js:429:431)
	at asSymbolInformation (/root/.vscode/extensions/hikerpig.vetur-0.24.1/node_modules/vscode-languageclient/lib/protocolConverter.js:449:22)
	at /root/.vscode/extensions/hikerpig.vetur-0.24.1/node_modules/vscode-languageclient/lib/protocolConverter.js:429:42
	at Array.map (<anonymous>)
	at Object.asSymbolInformations (/root/.vscode/extensions/hikerpig.vetur-0.24.1/node_modules/vscode-languageclient/lib/protocolConverter.js:429:23)
	at /root/.vscode/extensions/hikerpig.vetur-0.24.1/node_modules/vscode-languageclient/lib/client.js:1088:70
[2020-11-12 10:33:28.597] [exthost] [error] [hikerpig.vetur] provider FAILED
[2020-11-12 10:33:28.597] [exthost] [error] Error: name must not be falsy
	at Function.validate (/usr/share/code/resources/app/out/vs/workbench/services/extensions/node/extensionHostProcess.js:442:18)
	at new x (/usr/share/code/resources/app/out/vs/workbench/services/extensions/node/extensionHostProcess.js:441:950)
	at new x (/usr/share/code/resources/app/out/vs/workbench/services/extensions/node/extensionHostProcess.js:429:431)
	at asSymbolInformation (/root/.vscode/extensions/hikerpig.vetur-0.24.1/node_modules/vscode-languageclient/lib/protocolConverter.js:449:22)
	at /root/.vscode/extensions/hikerpig.vetur-0.24.1/node_modules/vscode-languageclient/lib/protocolConverter.js:429:42
	at Array.map (<anonymous>)
	at Object.asSymbolInformations (/root/.vscode/extensions/hikerpig.vetur-0.24.1/node_modules/vscode-languageclient/lib/protocolConverter.js:429:23)
	at /root/.vscode/extensions/hikerpig.vetur-0.24.1/node_modules/vscode-languageclient/lib/client.js:1088:70
[2020-11-12 10:33:37.238] [exthost] [error] [hikerpig.vetur] provider FAILED
[2020-11-12 10:33:37.239] [exthost] [error] Error: name must not be falsy
	at Function.validate (/usr/share/code/resources/app/out/vs/workbench/services/extensions/node/extensionHostProcess.js:442:18)
	at new x (/usr/share/code/resources/app/out/vs/workbench/services/extensions/node/extensionHostProcess.js:441:950)
	at new x (/usr/share/code/resources/app/out/vs/workbench/services/extensions/node/extensionHostProcess.js:429:431)
	at asSymbolInformation (/root/.vscode/extensions/hikerpig.vetur-0.24.1/node_modules/vscode-languageclient/lib/protocolConverter.js:449:22)
	at /root/.vscode/extensions/hikerpig.vetur-0.24.1/node_modules/vscode-languageclient/lib/protocolConverter.js:429:42
	at Array.map (<anonymous>)
	at Object.asSymbolInformations (/root/.vscode/extensions/hikerpig.vetur-0.24.1/node_modules/vscode-languageclient/lib/protocolConverter.js:429:23)
	at /root/.vscode/extensions/hikerpig.vetur-0.24.1/node_modules/vscode-languageclient/lib/client.js:1088:70
[2020-11-12 10:40:23.643] [exthost] [info] ExtensionService#_doActivateExtension vscode.html-language-features {"startup":false,"extensionId":{"value":"vscode.html-language-features","_lower":"vscode.html-language-features"},"activationEvent":"onLanguage:html"}
[2020-11-12 10:40:23.643] [exthost] [info] ExtensionService#loadCommonJSModule file:///usr/share/code/resources/app/extensions/html-language-features/client/dist/node/htmlClientMain
[2020-11-12 10:47:42.627] [exthost] [info] ExtensionService#_doActivateExtension vscode.image-preview {"startup":false,"extensionId":{"value":"vscode.image-preview","_lower":"vscode.image-preview"},"activationEvent":"onCustomEditor:imagePreview.previewEditor"}
[2020-11-12 10:47:42.628] [exthost] [info] ExtensionService#loadCommonJSModule file:///usr/share/code/resources/app/extensions/image-preview/dist/extension
[2020-11-12 10:50:20.320] [exthost] [error] [hikerpig.vetur] provider FAILED
[2020-11-12 10:50:20.322] [exthost] [error] Error: name must not be falsy
	at Function.validate (/usr/share/code/resources/app/out/vs/workbench/services/extensions/node/extensionHostProcess.js:442:18)
	at new x (/usr/share/code/resources/app/out/vs/workbench/services/extensions/node/extensionHostProcess.js:441:950)
	at new x (/usr/share/code/resources/app/out/vs/workbench/services/extensions/node/extensionHostProcess.js:429:431)
	at asSymbolInformation (/root/.vscode/extensions/hikerpig.vetur-0.24.1/node_modules/vscode-languageclient/lib/protocolConverter.js:449:22)
	at /root/.vscode/extensions/hikerpig.vetur-0.24.1/node_modules/vscode-languageclient/lib/protocolConverter.js:429:42
	at Array.map (<anonymous>)
	at Object.asSymbolInformations (/root/.vscode/extensions/hikerpig.vetur-0.24.1/node_modules/vscode-languageclient/lib/protocolConverter.js:429:23)
	at /root/.vscode/extensions/hikerpig.vetur-0.24.1/node_modules/vscode-languageclient/lib/client.js:1088:70
[2020-11-12 10:58:30.908] [exthost] [error] [hikerpig.vetur] provider FAILED
[2020-11-12 10:58:30.908] [exthost] [error] Error: name must not be falsy
	at Function.validate (/usr/share/code/resources/app/out/vs/workbench/services/extensions/node/extensionHostProcess.js:442:18)
	at new x (/usr/share/code/resources/app/out/vs/workbench/services/extensions/node/extensionHostProcess.js:441:950)
	at new x (/usr/share/code/resources/app/out/vs/workbench/services/extensions/node/extensionHostProcess.js:429:431)
	at asSymbolInformation (/root/.vscode/extensions/hikerpig.vetur-0.24.1/node_modules/vscode-languageclient/lib/protocolConverter.js:449:22)
	at /root/.vscode/extensions/hikerpig.vetur-0.24.1/node_modules/vscode-languageclient/lib/protocolConverter.js:429:42
	at Array.map (<anonymous>)
	at Object.asSymbolInformations (/root/.vscode/extensions/hikerpig.vetur-0.24.1/node_modules/vscode-languageclient/lib/protocolConverter.js:429:23)
	at /root/.vscode/extensions/hikerpig.vetur-0.24.1/node_modules/vscode-languageclient/lib/client.js:1088:70
[2020-11-12 11:03:08.278] [exthost] [error] [hikerpig.vetur] provider FAILED
[2020-11-12 11:03:08.278] [exthost] [error] Error: name must not be falsy
	at Function.validate (/usr/share/code/resources/app/out/vs/workbench/services/extensions/node/extensionHostProcess.js:442:18)
	at new x (/usr/share/code/resources/app/out/vs/workbench/services/extensions/node/extensionHostProcess.js:441:950)
	at new x (/usr/share/code/resources/app/out/vs/workbench/services/extensions/node/extensionHostProcess.js:429:431)
	at asSymbolInformation (/root/.vscode/extensions/hikerpig.vetur-0.24.1/node_modules/vscode-languageclient/lib/protocolConverter.js:449:22)
	at /root/.vscode/extensions/hikerpig.vetur-0.24.1/node_modules/vscode-languageclient/lib/protocolConverter.js:429:42
	at Array.map (<anonymous>)
	at Object.asSymbolInformations (/root/.vscode/extensions/hikerpig.vetur-0.24.1/node_modules/vscode-languageclient/lib/protocolConverter.js:429:23)
	at /root/.vscode/extensions/hikerpig.vetur-0.24.1/node_modules/vscode-languageclient/lib/client.js:1088:70
[2020-11-12 11:17:52.997] [exthost] [info] ExtensionService#_doActivateExtension vscode.css-language-features {"startup":false,"extensionId":{"value":"vscode.css-language-features","_lower":"vscode.css-language-features"},"activationEvent":"onLanguage:css"}
[2020-11-12 11:17:52.998] [exthost] [info] ExtensionService#loadCommonJSModule file:///usr/share/code/resources/app/extensions/css-language-features/client/dist/node/cssClientMain
[2020-11-12 11:22:59.027] [exthost] [error] [hikerpig.vetur] provider FAILED
[2020-11-12 11:22:59.027] [exthost] [error] Error: name must not be falsy
	at Function.validate (/usr/share/code/resources/app/out/vs/workbench/services/extensions/node/extensionHostProcess.js:442:18)
	at new x (/usr/share/code/resources/app/out/vs/workbench/services/extensions/node/extensionHostProcess.js:441:950)
	at new x (/usr/share/code/resources/app/out/vs/workbench/services/extensions/node/extensionHostProcess.js:429:431)
	at asSymbolInformation (/root/.vscode/extensions/hikerpig.vetur-0.24.1/node_modules/vscode-languageclient/lib/protocolConverter.js:449:22)
	at /root/.vscode/extensions/hikerpig.vetur-0.24.1/node_modules/vscode-languageclient/lib/protocolConverter.js:429:42
	at Array.map (<anonymous>)
	at Object.asSymbolInformations (/root/.vscode/extensions/hikerpig.vetur-0.24.1/node_modules/vscode-languageclient/lib/protocolConverter.js:429:23)
	at /root/.vscode/extensions/hikerpig.vetur-0.24.1/node_modules/vscode-languageclient/lib/client.js:1088:70
[2020-11-12 11:23:01.093] [exthost] [error] [hikerpig.vetur] provider FAILED
[2020-11-12 11:23:01.093] [exthost] [error] Error: name must not be falsy
	at Function.validate (/usr/share/code/resources/app/out/vs/workbench/services/extensions/node/extensionHostProcess.js:442:18)
	at new x (/usr/share/code/resources/app/out/vs/workbench/services/extensions/node/extensionHostProcess.js:441:950)
	at new x (/usr/share/code/resources/app/out/vs/workbench/services/extensions/node/extensionHostProcess.js:429:431)
	at asSymbolInformation (/root/.vscode/extensions/hikerpig.vetur-0.24.1/node_modules/vscode-languageclient/lib/protocolConverter.js:449:22)
	at /root/.vscode/extensions/hikerpig.vetur-0.24.1/node_modules/vscode-languageclient/lib/protocolConverter.js:429:42
	at Array.map (<anonymous>)
	at Object.asSymbolInformations (/root/.vscode/extensions/hikerpig.vetur-0.24.1/node_modules/vscode-languageclient/lib/protocolConverter.js:429:23)
	at /root/.vscode/extensions/hikerpig.vetur-0.24.1/node_modules/vscode-languageclient/lib/client.js:1088:70
[2020-11-12 11:23:05.465] [exthost] [error] [hikerpig.vetur] provider FAILED
[2020-11-12 11:23:05.465] [exthost] [error] Error: name must not be falsy
	at Function.validate (/usr/share/code/resources/app/out/vs/workbench/services/extensions/node/extensionHostProcess.js:442:18)
	at new x (/usr/share/code/resources/app/out/vs/workbench/services/extensions/node/extensionHostProcess.js:441:950)
	at new x (/usr/share/code/resources/app/out/vs/workbench/services/extensions/node/extensionHostProcess.js:429:431)
	at asSymbolInformation (/root/.vscode/extensions/hikerpig.vetur-0.24.1/node_modules/vscode-languageclient/lib/protocolConverter.js:449:22)
	at /root/.vscode/extensions/hikerpig.vetur-0.24.1/node_modules/vscode-languageclient/lib/protocolConverter.js:429:42
	at Array.map (<anonymous>)
	at Object.asSymbolInformations (/root/.vscode/extensions/hikerpig.vetur-0.24.1/node_modules/vscode-languageclient/lib/protocolConverter.js:429:23)
	at /root/.vscode/extensions/hikerpig.vetur-0.24.1/node_modules/vscode-languageclient/lib/client.js:1088:70
