Loaded bundled typescript@3.9.3.
Vetur initialized
[Error - 09:54:16] Request textDocument/completion failed.
  Message: Request textDocument/completion failed with message: Cannot read property 'isIncomplete' of undefined
  Code: -32603 
[Error - 09:54:17] Request textDocument/completion failed.
  Message: Request textDocument/completion failed with message: Cannot read property 'isIncomplete' of undefined
  Code: -32603 
[Error - 09:54:17] Request textDocument/completion failed.
  Message: Request textDocument/completion failed with message: Cannot read property 'isIncomplete' of undefined
  Code: -32603 
[Error - 09:54:17] Request textDocument/completion failed.
  Message: Request textDocument/completion failed with message: Cannot read property 'isIncomplete' of undefined
  Code: -32603 
[Error - 09:54:17] Request textDocument/completion failed.
  Message: Request textDocument/completion failed with message: Cannot read property 'isIncomplete' of undefined
  Code: -32603 
[Error - 09:54:18] Request textDocument/completion failed.
  Message: Request textDocument/completion failed with message: Cannot read property 'isIncomplete' of undefined
  Code: -32603 
[Error - 09:54:19] Request textDocument/completion failed.
  Message: Request textDocument/completion failed with message: Cannot read property 'isIncomplete' of undefined
  Code: -32603 
[Error - 10:33:42] Request textDocument/completion failed.
  Message: Request textDocument/completion failed with message: Cannot read property 'isIncomplete' of undefined
  Code: -32603 
[Error - 10:33:42] Request textDocument/completion failed.
  Message: Request textDocument/completion failed with message: Cannot read property 'isIncomplete' of undefined
  Code: -32603 
[Error - 10:33:42] Request textDocument/completion failed.
  Message: Request textDocument/completion failed with message: Cannot read property 'isIncomplete' of undefined
  Code: -32603 
[Error - 10:33:43] Request textDocument/completion failed.
  Message: Request textDocument/completion failed with message: Cannot read property 'isIncomplete' of undefined
  Code: -32603 
[Error - 10:33:43] Request textDocument/completion failed.
  Message: Request textDocument/completion failed with message: Cannot read property 'isIncomplete' of undefined
  Code: -32603 
[Error - 10:33:43] Request textDocument/completion failed.
  Message: Request textDocument/completion failed with message: Cannot read property 'isIncomplete' of undefined
  Code: -32603 
[Error - 10:34:13] Request textDocument/completion failed.
  Message: Request textDocument/completion failed with message: Cannot read property 'isIncomplete' of undefined
  Code: -32603 
[Error - 10:34:13] Request textDocument/completion failed.
  Message: Request textDocument/completion failed with message: Cannot read property 'isIncomplete' of undefined
  Code: -32603 
[Error - 10:34:13] Request textDocument/completion failed.
  Message: Request textDocument/completion failed with message: Cannot read property 'isIncomplete' of undefined
  Code: -32603 
[Error - 10:34:13] Request textDocument/completion failed.
  Message: Request textDocument/completion failed with message: Cannot read property 'isIncomplete' of undefined
  Code: -32603 
[Error - 10:34:13] Request textDocument/completion failed.
  Message: Request textDocument/completion failed with message: Cannot read property 'isIncomplete' of undefined
  Code: -32603 
[Error - 10:58:44] Request textDocument/completion failed.
  Message: Request textDocument/completion failed with message: Cannot read property 'isIncomplete' of undefined
  Code: -32603 
[Error - 12:48:13] Request textDocument/definition failed.
  Message: Request textDocument/definition failed with message: Cannot read property 'kind' of undefined
  Code: -32603 
[Error - 12:50:11] Request textDocument/completion failed.
  Message: Request textDocument/completion failed with message: Cannot read property 'kind' of undefined
  Code: -32603 
[Error - 12:50:12] Request textDocument/completion failed.
  Message: Request textDocument/completion failed with message: Cannot read property 'kind' of undefined
  Code: -32603 
[Error - 12:50:14] Request textDocument/completion failed.
  Message: Request textDocument/completion failed with message: Cannot read property 'kind' of undefined
  Code: -32603 
[Error - 12:57:24] Request textDocument/definition failed.
  Message: Request textDocument/definition failed with message: Cannot read property 'kind' of undefined
  Code: -32603 
